[debug] [2021-05-06T21:24:50.612Z] ----------------------------------------------------------------------
[debug] [2021-05-06T21:24:50.614Z] Command:       C:\Users\spike\DOCUME~1\School\CST\CST1\COMP1800\firebase-tools-instant-win.exe C:\Users\spike\.cache\firebase\tools\lib\node_modules\firebase-tools\lib\bin\firebase serve --only hosting,functions
[debug] [2021-05-06T21:24:50.614Z] CLI Version:   8.15.0
[debug] [2021-05-06T21:24:50.614Z] Platform:      win32
[debug] [2021-05-06T21:24:50.614Z] Node Version:  v12.18.1
[debug] [2021-05-06T21:24:50.616Z] Time:          Thu May 06 2021 14:24:50 GMT-0700 (Pacific Daylight Time)
[debug] [2021-05-06T21:24:50.616Z] ----------------------------------------------------------------------
[debug] [2021-05-06T21:24:50.616Z] 
[debug] [2021-05-06T21:24:50.626Z] > command requires scopes: ["email","openid","https://www.googleapis.com/auth/cloudplatformprojects.readonly","https://www.googleapis.com/auth/firebase","https://www.googleapis.com/auth/cloud-platform"]
[debug] [2021-05-06T21:24:50.627Z] > authorizing via signed-in user
[debug] [2021-05-06T21:24:50.627Z] [iam] checking project tree-hugger-c60ff for permissions ["firebase.projects.get"]
[debug] [2021-05-06T21:24:50.631Z] >>> HTTP REQUEST POST https://cloudresourcemanager.googleapis.com/v1/projects/tree-hugger-c60ff:testIamPermissions  
 {"permissions":["firebase.projects.get"]}
[debug] [2021-05-06T21:24:50.784Z] <<< HTTP RESPONSE 200 {"content-type":"application/json; charset=UTF-8","vary":"X-Origin, Referer, Origin,Accept-Encoding","date":"Thu, 06 May 2021 21:24:50 GMT","server":"ESF","cache-control":"private","x-xss-protection":"0","x-frame-options":"SAMEORIGIN","x-content-type-options":"nosniff","server-timing":"gfet4t7; dur=31","alt-svc":"h3-29=\":443\"; ma=2592000,h3-T051=\":443\"; ma=2592000,h3-Q050=\":443\"; ma=2592000,h3-Q046=\":443\"; ma=2592000,h3-Q043=\":443\"; ma=2592000,quic=\":443\"; ma=2592000; v=\"46,43\"","accept-ranges":"none","transfer-encoding":"chunked"}
[debug] [2021-05-06T21:24:50.786Z] >>> HTTP REQUEST GET https://firebase.googleapis.com/v1beta1/projects/tree-hugger-c60ff  
 
[debug] [2021-05-06T21:24:50.968Z] <<< HTTP RESPONSE 200 {"content-type":"application/json; charset=UTF-8","vary":"X-Origin, Referer, Origin,Accept-Encoding","date":"Thu, 06 May 2021 21:24:50 GMT","server":"ESF","cache-control":"private","x-xss-protection":"0","x-frame-options":"SAMEORIGIN","x-content-type-options":"nosniff","alt-svc":"h3-29=\":443\"; ma=2592000,h3-T051=\":443\"; ma=2592000,h3-Q050=\":443\"; ma=2592000,h3-Q046=\":443\"; ma=2592000,h3-Q043=\":443\"; ma=2592000,quic=\":443\"; ma=2592000; v=\"46,43\"","accept-ranges":"none","transfer-encoding":"chunked"}
[debug] [2021-05-06T21:24:50.972Z] >>> HTTP REQUEST GET https://firebase.googleapis.com/v1beta1/projects/tree-hugger-c60ff/webApps/-/config  
 
[debug] [2021-05-06T21:24:51.322Z] <<< HTTP RESPONSE 200 {"content-type":"application/json; charset=UTF-8","vary":"X-Origin, Referer, Origin,Accept-Encoding","date":"Thu, 06 May 2021 21:24:50 GMT","server":"ESF","cache-control":"private","x-xss-protection":"0","x-frame-options":"SAMEORIGIN","x-content-type-options":"nosniff","alt-svc":"h3-29=\":443\"; ma=2592000,h3-T051=\":443\"; ma=2592000,h3-Q050=\":443\"; ma=2592000,h3-Q046=\":443\"; ma=2592000,h3-Q043=\":443\"; ma=2592000,quic=\":443\"; ma=2592000; v=\"46,43\"","accept-ranges":"none","transfer-encoding":"chunked"}
[info] i  hosting: Serving hosting files from: public {"metadata":{"emulator":{"name":"hosting"},"message":"Serving hosting files from: \u001b[1mpublic\u001b[22m"}}
[info] +  hosting: Local server: http://localhost:5000 {"metadata":{"emulator":{"name":"hosting"},"message":"Local server: \u001b[4m\u001b[1mhttp://localhost:5000\u001b[22m\u001b[24m"}}
[info] +  functions: Using node@12 from host. {"metadata":{"emulator":{"name":"functions"},"message":"Using node@12 from host."}}
[debug] [2021-05-06T21:24:52.985Z] defaultcredentials: writing to file C:\Users\spike\AppData\Roaming\firebase\spike8118_gmail_com_application_default_credentials.json
[debug] [2021-05-06T21:24:52.986Z] Setting GAC to C:\Users\spike\AppData\Roaming\firebase\spike8118_gmail_com_application_default_credentials.json {"metadata":{"emulator":{"name":"functions"},"message":"Setting GAC to C:\\Users\\spike\\AppData\\Roaming\\firebase\\spike8118_gmail_com_application_default_credentials.json"}}
[info] i  functions: Watching "C:\Users\spike\Documents\School\CST\CST2\COMP 2800\Treehuggers\master\COMP-2800-BBY-03-TreeHugger\functions" for Cloud Functions... {"metadata":{"emulator":{"name":"functions"},"message":"Watching \"C:\\Users\\spike\\Documents\\School\\CST\\CST2\\COMP 2800\\Treehuggers\\master\\COMP-2800-BBY-03-TreeHugger\\functions\" for Cloud Functions..."}}
[debug] [2021-05-06T21:24:53.050Z] [worker-pool] addWorker(~diagnostic~) {"metadata":{"emulator":{"name":"functions"},"message":"[worker-pool] addWorker(~diagnostic~)"}}
[debug] [2021-05-06T21:24:53.051Z] [worker-pool] Adding worker with key ~diagnostic~, total=1 {"metadata":{"emulator":{"name":"functions"},"message":"[worker-pool] Adding worker with key ~diagnostic~, total=1"}}
[debug] [2021-05-06T21:24:53.051Z] [worker-pool] submitWork(triggerId=) {"metadata":{"emulator":{"name":"functions"},"message":"[worker-pool] submitWork(triggerId=)"}}
[debug] [2021-05-06T21:24:53.051Z] [worker-~diagnostic~-86df5dbb-21e2-48e3-9fa0-7c19cf7005d8]: Assigning socketPath: \\?\pipe\C:\Users\spike\Documents\School\CST\CST2\COMP 2800\Treehuggers\master\COMP-2800-BBY-03-TreeHugger\functions\37724 {"metadata":{"emulator":{"name":"functions"},"message":"[worker-~diagnostic~-86df5dbb-21e2-48e3-9fa0-7c19cf7005d8]: Assigning socketPath: \\\\?\\pipe\\C:\\Users\\spike\\Documents\\School\\CST\\CST2\\COMP 2800\\Treehuggers\\master\\COMP-2800-BBY-03-TreeHugger\\functions\\37724"}}
[debug] [2021-05-06T21:24:53.051Z] [worker-~diagnostic~-86df5dbb-21e2-48e3-9fa0-7c19cf7005d8]: BUSY {"metadata":{"emulator":{"name":"functions"},"message":"[worker-~diagnostic~-86df5dbb-21e2-48e3-9fa0-7c19cf7005d8]: BUSY"}}
